2024-06-08 05:55:39,741 - Hyperparameters:
2024-06-08 05:55:39,741 - exp_name: DPO
2024-06-08 05:55:39,741 - model_name: unsloth/tinyllama-bnb-4bit
2024-06-08 05:55:39,741 - train: True
2024-06-08 05:55:39,741 - inference_base_model: False
2024-06-08 05:55:39,741 - wandb_token: 0aad23b14e9c1e0e2342caaefbcf3c240a8a3e5e
2024-06-08 05:55:39,741 - train_batch_size: 2
2024-06-08 05:55:39,741 - eval_batch_size: 2
2024-06-08 05:55:39,741 - gradient_accumulation_steps: 8
2024-06-08 05:55:39,741 - lr: 5e-06
2024-06-08 05:55:39,741 - lr_scheduler_type: cosine
2024-06-08 05:55:39,742 - max_steps: 0
2024-06-08 05:55:39,742 - num_epochs: 1
2024-06-08 05:55:39,742 - optimizer: paged_adamw_32bit
2024-06-08 05:55:39,742 - weight_decay: 0
2024-06-08 05:55:39,742 - max_grad_norm: 0
2024-06-08 05:55:39,742 - warmup_ratio: 0
2024-06-08 05:55:39,742 - beta: 0.1
2024-06-08 05:55:39,742 - max_length: 1024
2024-06-08 05:55:39,742 - max_prompt_length: 512
2024-06-08 05:55:39,742 - seed: 2024
2024-06-08 05:55:39,742 - logging_strategy: steps
2024-06-08 05:55:39,742 - logging_steps: 1
2024-06-08 05:55:39,742 - evaluation_strategy: steps
2024-06-08 05:55:39,742 - eval_steps: 100
2024-06-08 05:55:39,742 - output_dir: ./outputs
2024-06-08 05:55:39,742 - save_strategy: epoch
2024-06-08 05:55:39,742 - report_to: wandb
